<?xml version="1.0" encoding="UTF-8"?>
<testsuite xmlns:xsi="http://www.w3.org/2001/XMLSchema-instance" xsi:noNamespaceSchemaLocation="https://maven.apache.org/surefire/maven-surefire-plugin/xsd/surefire-test-report.xsd" name="ru.netology.javaqa.RadioTest" time="0.442" tests="26" errors="0" skipped="0" failures="0">
  <properties>
    <property name="sun.desktop" value="windows"/>
    <property name="awt.toolkit" value="sun.awt.windows.WToolkit"/>
    <property name="java.specification.version" value="11"/>
    <property name="sun.cpu.isalist" value="amd64"/>
    <property name="sun.jnu.encoding" value="Cp1251"/>
    <property name="java.class.path" value="C:\Users\1\Desktop\netology\java_9_1_RadioService\RadioService\target\test-classes;C:\Users\1\Desktop\netology\java_9_1_RadioService\RadioService\target\classes;C:\Users\1\.m2\repository\org\junit\jupiter\junit-jupiter\5.7.0\junit-jupiter-5.7.0.jar;C:\Users\1\.m2\repository\org\junit\jupiter\junit-jupiter-api\5.7.0\junit-jupiter-api-5.7.0.jar;C:\Users\1\.m2\repository\org\apiguardian\apiguardian-api\1.1.0\apiguardian-api-1.1.0.jar;C:\Users\1\.m2\repository\org\opentest4j\opentest4j\1.2.0\opentest4j-1.2.0.jar;C:\Users\1\.m2\repository\org\junit\platform\junit-platform-commons\1.7.0\junit-platform-commons-1.7.0.jar;C:\Users\1\.m2\repository\org\junit\jupiter\junit-jupiter-params\5.7.0\junit-jupiter-params-5.7.0.jar;C:\Users\1\.m2\repository\org\junit\jupiter\junit-jupiter-engine\5.7.0\junit-jupiter-engine-5.7.0.jar;C:\Users\1\.m2\repository\org\junit\platform\junit-platform-engine\1.7.0\junit-platform-engine-1.7.0.jar;"/>
    <property name="java.vm.vendor" value="Amazon.com Inc."/>
    <property name="sun.arch.data.model" value="64"/>
    <property name="user.variant" value=""/>
    <property name="java.vendor.url" value="https://aws.amazon.com/corretto/"/>
    <property name="user.timezone" value="Europe/Moscow"/>
    <property name="java.vm.specification.version" value="11"/>
    <property name="os.name" value="Windows 10"/>
    <property name="sun.java.launcher" value="SUN_STANDARD"/>
    <property name="user.country" value="RU"/>
    <property name="sun.boot.library.path" value="C:\Users\1\.jdks\corretto-11.0.19\bin"/>
    <property name="sun.java.command" value="C:\Users\1\AppData\Local\Temp\surefire13069891778926582895\surefirebooter6441967899474255842.jar C:\Users\1\AppData\Local\Temp\surefire13069891778926582895 2023-07-31T13-00-23_951-jvmRun1 surefire17511796948033642594tmp surefire_010894708569902451937tmp"/>
    <property name="jdk.debug" value="release"/>
    <property name="surefire.test.class.path" value="C:\Users\1\Desktop\netology\java_9_1_RadioService\RadioService\target\test-classes;C:\Users\1\Desktop\netology\java_9_1_RadioService\RadioService\target\classes;C:\Users\1\.m2\repository\org\junit\jupiter\junit-jupiter\5.7.0\junit-jupiter-5.7.0.jar;C:\Users\1\.m2\repository\org\junit\jupiter\junit-jupiter-api\5.7.0\junit-jupiter-api-5.7.0.jar;C:\Users\1\.m2\repository\org\apiguardian\apiguardian-api\1.1.0\apiguardian-api-1.1.0.jar;C:\Users\1\.m2\repository\org\opentest4j\opentest4j\1.2.0\opentest4j-1.2.0.jar;C:\Users\1\.m2\repository\org\junit\platform\junit-platform-commons\1.7.0\junit-platform-commons-1.7.0.jar;C:\Users\1\.m2\repository\org\junit\jupiter\junit-jupiter-params\5.7.0\junit-jupiter-params-5.7.0.jar;C:\Users\1\.m2\repository\org\junit\jupiter\junit-jupiter-engine\5.7.0\junit-jupiter-engine-5.7.0.jar;C:\Users\1\.m2\repository\org\junit\platform\junit-platform-engine\1.7.0\junit-platform-engine-1.7.0.jar;"/>
    <property name="sun.cpu.endian" value="little"/>
    <property name="user.home" value="C:\Users\1"/>
    <property name="user.language" value="ru"/>
    <property name="java.specification.vendor" value="Oracle Corporation"/>
    <property name="java.version.date" value="2023-04-18"/>
    <property name="java.home" value="C:\Users\1\.jdks\corretto-11.0.19"/>
    <property name="file.separator" value="\"/>
    <property name="basedir" value="C:\Users\1\Desktop\netology\java_9_1_RadioService\RadioService"/>
    <property name="java.vm.compressedOopsMode" value="32-bit"/>
    <property name="line.separator" value="&#10;"/>
    <property name="java.specification.name" value="Java Platform API Specification"/>
    <property name="java.vm.specification.vendor" value="Oracle Corporation"/>
    <property name="java.awt.graphicsenv" value="sun.awt.Win32GraphicsEnvironment"/>
    <property name="surefire.real.class.path" value="C:\Users\1\AppData\Local\Temp\surefire13069891778926582895\surefirebooter6441967899474255842.jar"/>
    <property name="user.script" value=""/>
    <property name="sun.management.compiler" value="HotSpot 64-Bit Tiered Compilers"/>
    <property name="java.runtime.version" value="11.0.19+7-LTS"/>
    <property name="user.name" value="Любовь"/>
    <property name="path.separator" value=";"/>
    <property name="os.version" value="10.0"/>
    <property name="java.runtime.name" value="OpenJDK Runtime Environment"/>
    <property name="file.encoding" value="Cp1251"/>
    <property name="java.vm.name" value="OpenJDK 64-Bit Server VM"/>
    <property name="java.vendor.version" value="Corretto-11.0.19.7.1"/>
    <property name="localRepository" value="C:\Users\1\.m2\repository"/>
    <property name="java.vendor.url.bug" value="https://github.com/corretto/corretto-11/issues/"/>
    <property name="java.io.tmpdir" value="C:\Users\1\AppData\Local\Temp\"/>
    <property name="idea.version" value="2023.2"/>
    <property name="java.version" value="11.0.19"/>
    <property name="user.dir" value="C:\Users\1\Desktop\netology\java_9_1_RadioService\RadioService"/>
    <property name="os.arch" value="amd64"/>
    <property name="java.vm.specification.name" value="Java Virtual Machine Specification"/>
    <property name="java.awt.printerjob" value="sun.awt.windows.WPrinterJob"/>
    <property name="sun.os.patch.level" value=""/>
    <property name="java.library.path" value="C:\Users\1\.jdks\corretto-11.0.19\bin;C:\WINDOWS\Sun\Java\bin;C:\WINDOWS\system32;C:\WINDOWS;C:\WINDOWS\system32;C:\WINDOWS;C:\WINDOWS\System32\Wbem;C:\WINDOWS\System32\WindowsPowerShell\v1.0\;C:\WINDOWS\System32\OpenSSH\;C:\Program Files\Git\cmd;C:\Users\1\AppData\Local\Microsoft\WindowsApps;;C:\Users\1\AppData\Local\Programs\Microsoft VS Code\bin;."/>
    <property name="java.vm.info" value="mixed mode"/>
    <property name="java.vendor" value="Amazon.com Inc."/>
    <property name="java.vm.version" value="11.0.19+7-LTS"/>
    <property name="sun.io.unicode.encoding" value="UnicodeLittle"/>
    <property name="java.class.version" value="55.0"/>
  </properties>
  <testcase name="shouldNotSetVolumeAboveMax" classname="ru.netology.javaqa.RadioTest" time="0.195"/>
  <testcase name="shouldNotSetVolumeBelowMin" classname="ru.netology.javaqa.RadioTest" time="0"/>
  <testcase name="shouldSetPrevRadioStation" classname="ru.netology.javaqa.RadioTest" time="0.001"/>
  <testcase name="shouldSetMaxVolume" classname="ru.netology.javaqa.RadioTest" time="0"/>
  <testcase name="shouldSetBelowMaxVolume" classname="ru.netology.javaqa.RadioTest" time="0.008"/>
  <testcase name="shouldSetMaxRadioStation" classname="ru.netology.javaqa.RadioTest" time="0.003"/>
  <testcase name="shouldSetPrevRadioStationMin" classname="ru.netology.javaqa.RadioTest" time="0.005"/>
  <testcase name="shouldIncreaseVolume" classname="ru.netology.javaqa.RadioTest" time="0.004"/>
  <testcase name="shouldSetPrevRadioStationBelowMin" classname="ru.netology.javaqa.RadioTest" time="0.001"/>
  <testcase name="shouldSetMinVolume" classname="ru.netology.javaqa.RadioTest" time="0.009"/>
  <testcase name="shouldSetVolume" classname="ru.netology.javaqa.RadioTest" time="0"/>
  <testcase name="shouldNotNextRadioStationAboveMax" classname="ru.netology.javaqa.RadioTest" time="0.001"/>
  <testcase name="shouldSetRadioStationMin" classname="ru.netology.javaqa.RadioTest" time="0.007"/>
  <testcase name="shouldNotDecreaseVolumeBelowMin" classname="ru.netology.javaqa.RadioTest" time="0.001"/>
  <testcase name="shouldNotSetRadioStationAboveMax" classname="ru.netology.javaqa.RadioTest" time="0.003"/>
  <testcase name="shouldNotSetRadioStationAboveMin" classname="ru.netology.javaqa.RadioTest" time="0.006"/>
  <testcase name="shouldNotSetRadioStationBelowMin" classname="ru.netology.javaqa.RadioTest" time="0.004"/>
  <testcase name="shouldNextRadioStationToMax" classname="ru.netology.javaqa.RadioTest" time="0.007"/>
  <testcase name="shouldNotIncreaseVolumeAboveMax" classname="ru.netology.javaqa.RadioTest" time="0.005"/>
  <testcase name="shouldDecreaseVolume" classname="ru.netology.javaqa.RadioTest" time="0"/>
  <testcase name="shouldSetNextRadioStation" classname="ru.netology.javaqa.RadioTest" time="0.002"/>
  <testcase name="shouldSetAboveMinVolume" classname="ru.netology.javaqa.RadioTest" time="0.004"/>
  <testcase name="shouldSetRadioStation" classname="ru.netology.javaqa.RadioTest" time="0"/>
  <testcase name="shouldIncreaseVolumeToMax" classname="ru.netology.javaqa.RadioTest" time="0.001"/>
  <testcase name="shouldSetRadioStationBelowMax" classname="ru.netology.javaqa.RadioTest" time="0.001"/>
  <testcase name="shouldDecreaseVolumeToMin" classname="ru.netology.javaqa.RadioTest" time="0.002"/>
</testsuite>